<?xml version="1.0" encoding="UTF-8"?>
<!-- Generated by org.testng.reporters.JUnitReportReporter -->
<testsuite hostname="MeghanaDN-LT" failures="0" tests="1" name="com.TestingUI.TestCase.LoginTest" time="6.718" errors="0" timestamp="2024-03-20T15:57:26 IST" skipped="0">
  <testcase classname="com.TestingUI.TestCase.LoginTest" name="test001" time="6.718"/>
  <system-out/>
</testsuite> <!-- com.TestingUI.TestCase.LoginTest -->
