<?xml version="1.0" encoding="UTF-8"?>
<!-- Generated by org.testng.reporters.JUnitReportReporter -->
<testsuite hostname="MeghanaDN-LT" failures="0" tests="1" name="project.TestingUI.comment" time="6.751" errors="0" timestamp="2024-04-02T17:36:27 IST" skipped="0">
  <testcase classname="project.TestingUI.comment" name="commentfield" time="6.751"/>
  <system-out/>
</testsuite> <!-- project.TestingUI.comment -->
