<?xml version="1.0" encoding="UTF-8"?>
<!-- Generated by org.testng.reporters.JUnitReportReporter -->
<testsuite hostname="MeghanaDN-LT" failures="0" tests="1" name="project.TestingUI.clickongoogledriver" time="10.221" errors="0" timestamp="2024-04-03T15:29:57 IST" skipped="0">
  <testcase classname="project.TestingUI.clickongoogledriver" name="googledrive" time="10.221"/>
  <system-out/>
</testsuite> <!-- project.TestingUI.clickongoogledriver -->
