<?xml version="1.0" encoding="UTF-8"?>
<!-- Generated by org.testng.reporters.JUnitReportReporter -->
<testsuite hostname="MeghanaDN-LT" failures="0" tests="1" name="project.TestingUI.AppTest" time="0.015" errors="0" timestamp="2024-03-20T16:00:14 IST" skipped="0">
  <testcase classname="project.TestingUI.AppTest" name="shouldAnswerWithTrue" time="0.015"/>
  <system-out/>
</testsuite> <!-- project.TestingUI.AppTest -->
